{"/home/vaisk/Desktop/BOOTCAMP/greencommute-v4/src/components/atoms/Button/CustomButton.js": {"path":"/home/vaisk/Desktop/BOOTCAMP/greencommute-v4/src/components/atoms/Button/CustomButton.js","statementMap":{"0":{"start":{"line":5,"column":1},"end":{"line":9,"column":3}}},"fnMap":{"0":{"name":"CustomButton","decl":{"start":{"line":4,"column":9},"end":{"line":4,"column":21}},"loc":{"start":{"line":4,"column":46},"end":{"line":10,"column":1}},"line":4}},"branchMap":{},"s":{"0":2},"f":{"0":2},"b":{},"_coverageSchema":"1a1c01bbd47fc00a2c39e90264f33305004495a9","hash":"ab0343f4a089a9be1f6fce28953a5ff94a4d249c"}
}
